1 2 3
8 9 4
7 6 5
=====
1  2  3  4  5  6
20 21 22 23 24 7
19 32 33 34 25 8
18 31 36 35 26 9
17 30 29 28 27 10
16 15 14 13 12 11
=====
1   2   3   4   5   6   7   8   9   10
36  37  38  39  40  41  42  43  44  11
35  64  65  66  67  68  69  70  45  12
34  63  84  85  86  87  88  71  46  13
33  62  83  96  97  98  89  72  47  14
32  61  82  95  100 99  90  73  48  15
31  60  81  94  93  92  91  74  49  16
30  59  80  79  78  77  76  75  50  17
29  58  57  56  55  54  53  52  51  18
28  27  26  25  24  23  22  21  20  19
=====
1  2  3  4  5  6  7  8  9
32 33 34 35 36 37 38 39 10
31 56 57 58 59 60 61 40 11
30 55 72 73 74 75 62 41 12
29 54 71 80 81 76 63 42 13
28 53 70 79 78 77 64 43 14
27 52 69 68 67 66 65 44 15
26 51 50 49 48 47 46 45 16
25 24 23 22 21 20 19 18 17
=====
1   2   3   4   5   6   7   8   9   10  11  12  13  14  15
56  57  58  59  60  61  62  63  64  65  66  67  68  69  16
55  104 105 106 107 108 109 110 111 112 113 114 115 70  17
54  103 144 145 146 147 148 149 150 151 152 153 116 71  18
53  102 143 176 177 178 179 180 181 182 183 154 117 72  19
52  101 142 175 200 201 202 203 204 205 184 155 118 73  20
51  100 141 174 199 216 217 218 219 206 185 156 119 74  21
50  99  140 173 198 215 224 225 220 207 186 157 120 75  22
49  98  139 172 197 214 223 222 221 208 187 158 121 76  23
48  97  138 171 196 213 212 211 210 209 188 159 122 77  24
47  96  137 170 195 194 193 192 191 190 189 160 123 78  25
46  95  136 169 168 167 166 165 164 163 162 161 124 79  26
45  94  135 134 133 132 131 130 129 128 127 126 125 80  27
44  93  92  91  90  89  88  87  86  85  84  83  82  81  28
43  42  41  40  39  38  37  36  35  34  33  32  31  30  29
=====
1   2   3   4   5   6   7   8   9   10  11  12  13  14  15  16  17  18  19
72  73  74  75  76  77  78  79  80  81  82  83  84  85  86  87  88  89  20
71  136 137 138 139 140 141 142 143 144 145 146 147 148 149 150 151 90  21
70  135 192 193 194 195 196 197 198 199 200 201 202 203 204 205 152 91  22
69  134 191 240 241 242 243 244 245 246 247 248 249 250 251 206 153 92  23
68  133 190 239 280 281 282 283 284 285 286 287 288 289 252 207 154 93  24
67  132 189 238 279 312 313 314 315 316 317 318 319 290 253 208 155 94  25
66  131 188 237 278 311 336 337 338 339 340 341 320 291 254 209 156 95  26
65  130 187 236 277 310 335 352 353 354 355 342 321 292 255 210 157 96  27
64  129 186 235 276 309 334 351 360 361 356 343 322 293 256 211 158 97  28
63  128 185 234 275 308 333 350 359 358 357 344 323 294 257 212 159 98  29
62  127 184 233 274 307 332 349 348 347 346 345 324 295 258 213 160 99  30
61  126 183 232 273 306 331 330 329 328 327 326 325 296 259 214 161 100 31
60  125 182 231 272 305 304 303 302 301 300 299 298 297 260 215 162 101 32
59  124 181 230 271 270 269 268 267 266 265 264 263 262 261 216 163 102 33
58  123 180 229 228 227 226 225 224 223 222 221 220 219 218 217 164 103 34
57  122 179 178 177 176 175 174 173 172 171 170 169 168 167 166 165 104 35
56  121 120 119 118 117 116 115 114 113 112 111 110 109 108 107 106 105 36
55  54  53  52  51  50  49  48  47  46  45  44  43  42  41  40  39  38  37
=====
