Net Pay:  $1,694.40
Purchase: $1,207.92
Fun Cash: $  486.48
*********
Net Pay:  $2,135.60
Purchase: $1,107.54
Fun Cash: $1,028.06
*********
Net Pay:  $1,782.40
Purchase: $1,218.98
Fun Cash: $  563.42
*********
Net Pay:  $2,451.90
Purchase: $1,064.55
Fun Cash: $1,387.35
*********
Net Pay:  $2,135.60
Purchase: $1,107.54
Fun Cash: $1,028.06
*********
Net Pay:  $1,782.40
Purchase: $1,218.98
Fun Cash: $  563.42
*********
Net Pay:  $2,158.70
Purchase: $1,215.15
Fun Cash: $  943.55
*********
Net Pay:  $2,329.30
Purchase: $1,101.15
Fun Cash: $1,228.15
*********
Net Pay:  $2,050.20
Purchase: $1,238.12
Fun Cash: $  812.08
*********
Net Pay:  $2,406.20
Purchase: $1,118.55
Fun Cash: $1,287.65
*********
Net Pay:  $2,511.90
Purchase: $1,123.70
Fun Cash: $1,388.20
*********
Net Pay:  $2,329.30
Purchase: $1,059.96
Fun Cash: $1,269.34
*********
Net Pay:  $2,050.20
Purchase: $1,131.03
Fun Cash: $  919.17
*********
Net Pay:  $2,406.20
Purchase: $1,078.48
Fun Cash: $1,327.72
*********
Net Pay:  $2,511.90
Purchase: $1,070.11
Fun Cash: $1,441.79
*********
