Zoe H Allen
Jayden Anderson
Jayden F Anderson
Joseph X Brown
Ximena K Clark
Thomas Z Davis
Isabella Q Flores
Abigail B Garcia
Abigail W Garcia
John N Garcia
Emma E Garza
Charlotte L Gomez
Sophia R Gonzales
Olivia G Gonzalez
Genesis J Green
Zoey O Hall
Matthew Harris
Charles Hernandez
Scarlett M Hill
Charlotte T Jackson
William B Johnson
Richard D Jones
Aubrey M King
Jose G Lewis
Emma F Lopez
Sebastian D Martin
Robert O Martinez
Liam Y Miller
Amelia U Moore
Ava P Perez
Mia S Ramirez
David D Rodriguez
Daniel B Smith
James M Smith
Noah X Taylor
Jacob Z Thomas
Harper I Torres
Alexander E Walker
Ethan A White
Michael A Williams
Evelyn V Wilson
